2025-04-22 14:15:10,396 - My_New_log -INFO - Hello
2025-04-22 14:28:55,633 - 23rdNov24_CoverFox -INFO - Hello
2025-04-22 14:28:55,656 - 23rdNov24_CoverFox -INFO - Launching Web Browser
2025-04-22 14:29:06,856 - 23rdNov24_CoverFox -INFO - Clicking on Male Icon
2025-04-22 14:29:08,668 - 23rdNov24_CoverFox -INFO - Clicking on Wife Icon
2025-04-22 14:29:12,150 - 23rdNov24_CoverFox -INFO - Clicking on Mother Icon
2025-04-22 14:29:15,645 - 23rdNov24_CoverFox -INFO - Clicking on Next Button
2025-04-22 14:29:16,016 - 23rdNov24_CoverFox -INFO - Selecting My age
2025-04-22 14:29:23,588 - 23rdNov24_CoverFox -INFO - Selecting Wife age
2025-04-22 14:29:24,477 - 23rdNov24_CoverFox -INFO - Selecting Mother's age
2025-04-22 14:29:25,292 - 23rdNov24_CoverFox -INFO - Clicking on Next Button
2025-04-22 14:29:25,558 - 23rdNov24_CoverFox -INFO - Entering My Pincode
2025-04-22 14:29:26,486 - 23rdNov24_CoverFox -INFO - Entering Mother's Pincode
2025-04-22 14:29:27,012 - 23rdNov24_CoverFox -INFO - Entering Mobile Number
2025-04-22 14:29:27,439 - 23rdNov24_CoverFox -INFO - Click on continue Button
2025-04-22 14:29:35,960 - 23rdNov24_CoverFox -INFO - Validating Result
2025-04-22 14:29:35,982 - 23rdNov24_CoverFox -INFO - Closing Browser
2025-04-22 14:34:52,542 - 23rdNov24_CoverFox -INFO - Welcome to Coverfox Testing
2025-04-22 14:34:52,549 - 23rdNov24_CoverFox -INFO - Launching Web Browser
2025-04-22 14:34:57,950 - 23rdNov24_CoverFox -INFO - Clicking on Male Icon
2025-04-22 14:34:59,692 - 23rdNov24_CoverFox -INFO - Clicking on Wife Icon
2025-04-22 14:35:01,328 - 23rdNov24_CoverFox -INFO - Clicking on Mother Icon
2025-04-22 14:35:02,536 - 23rdNov24_CoverFox -INFO - Clicking on Next Button
2025-04-22 14:35:02,909 - 23rdNov24_CoverFox -INFO - Selecting My age
2025-04-22 14:35:05,221 - 23rdNov24_CoverFox -INFO - Selecting Wife age
2025-04-22 14:35:05,542 - 23rdNov24_CoverFox -INFO - Selecting Mother's age
2025-04-22 14:35:06,016 - 23rdNov24_CoverFox -INFO - Clicking on Next Button
2025-04-22 14:35:06,234 - 23rdNov24_CoverFox -INFO - Entering My Pincode
2025-04-22 14:35:06,913 - 23rdNov24_CoverFox -INFO - Entering Mother's Pincode
2025-04-22 14:35:07,103 - 23rdNov24_CoverFox -INFO - Entering Mobile Number
2025-04-22 14:35:07,404 - 23rdNov24_CoverFox -INFO - Click on continue Button
2025-04-22 14:35:15,719 - 23rdNov24_CoverFox -INFO - Validating Result
2025-04-22 14:35:15,731 - 23rdNov24_CoverFox -INFO - Closing Browser
2025-04-22 14:36:31,267 - 23rdNov24_CoverFox -INFO - Welcome to Coverfox Testing
2025-04-22 14:36:31,273 - 23rdNov24_CoverFox -INFO - Launching Web Browser
2025-04-22 14:36:37,177 - 23rdNov24_CoverFox -INFO - Clicking on Male Icon
2025-04-22 14:36:39,264 - 23rdNov24_CoverFox -INFO - Clicking on Wife Icon
2025-04-22 14:36:40,035 - 23rdNov24_CoverFox -INFO - Clicking on Mother Icon
2025-04-22 14:36:41,383 - 23rdNov24_CoverFox -INFO - Clicking on Next Button
2025-04-22 14:36:41,586 - 23rdNov24_CoverFox -INFO - Selecting My age
2025-04-22 14:36:43,765 - 23rdNov24_CoverFox -INFO - Selecting Wife age
2025-04-22 14:36:44,103 - 23rdNov24_CoverFox -INFO - Selecting Mother's age
2025-04-22 14:36:44,628 - 23rdNov24_CoverFox -INFO - Clicking on Next Button
2025-04-22 14:36:44,801 - 23rdNov24_CoverFox -INFO - Entering My Pincode
2025-04-22 14:36:45,415 - 23rdNov24_CoverFox -INFO - Entering Mother's Pincode
2025-04-22 14:36:45,660 - 23rdNov24_CoverFox -INFO - Entering Mobile Number
2025-04-22 14:36:45,975 - 23rdNov24_CoverFox -INFO - Click on continue Button
2025-04-22 14:36:54,227 - 23rdNov24_CoverFox -INFO - Validating Result
2025-04-22 14:36:54,241 - 23rdNov24_CoverFox -INFO - Closing Browser
2025-04-22 15:28:49,411 - 23rdNov24_CoverFox -INFO - Welcome to Coverfox Testing
2025-04-22 15:28:49,420 - 23rdNov24_CoverFox -INFO - Launching Web Browser
2025-04-22 15:28:57,438 - 23rdNov24_CoverFox -INFO - Clicking on Male Icon
2025-04-22 15:28:58,910 - 23rdNov24_CoverFox -INFO - Clicking on Wife Icon
2025-04-22 15:28:59,664 - 23rdNov24_CoverFox -INFO - Clicking on Mother Icon
2025-04-22 15:29:01,194 - 23rdNov24_CoverFox -INFO - Clicking on Next Button
2025-04-22 15:29:01,520 - 23rdNov24_CoverFox -INFO - Selecting My age
2025-04-22 15:29:03,525 - 23rdNov24_CoverFox -INFO - Selecting Wife age
2025-04-22 15:29:04,082 - 23rdNov24_CoverFox -INFO - Selecting Mother's age
2025-04-22 15:29:04,499 - 23rdNov24_CoverFox -INFO - Clicking on Next Button
2025-04-22 15:29:14,476 - 23rdNov24_CoverFox -INFO - Closing Browser
2025-04-22 16:14:43,760 - 23rdNov24_CoverFox -INFO - Welcome to Coverfox Testing
2025-04-22 16:14:43,766 - 23rdNov24_CoverFox -INFO - Launching Web Browser
2025-04-22 16:14:49,693 - 23rdNov24_CoverFox -INFO - Clicking on Male Icon
2025-04-22 16:14:52,249 - 23rdNov24_CoverFox -INFO - Clicking on Wife Icon
2025-04-22 16:14:53,001 - 23rdNov24_CoverFox -INFO - Clicking on Mother Icon
2025-04-22 16:14:54,297 - 23rdNov24_CoverFox -INFO - Clicking on Next Button
2025-04-22 16:14:54,686 - 23rdNov24_CoverFox -INFO - Selecting My age
2025-04-22 16:14:56,950 - 23rdNov24_CoverFox -INFO - Selecting Wife age
2025-04-22 16:14:57,258 - 23rdNov24_CoverFox -INFO - Selecting Mother's age
2025-04-22 16:14:57,568 - 23rdNov24_CoverFox -INFO - Clicking on Next Button
2025-04-22 16:14:57,697 - 23rdNov24_CoverFox -INFO - Click on continue Button
2025-04-22 16:17:25,854 - 23rdNov24_CoverFox -INFO - Welcome to Coverfox Testing
2025-04-22 16:17:25,859 - 23rdNov24_CoverFox -INFO - Launching Web Browser
2025-04-22 16:17:32,303 - 23rdNov24_CoverFox -INFO - Clicking on Male Icon
2025-04-22 16:17:33,928 - 23rdNov24_CoverFox -INFO - Clicking on Wife Icon
2025-04-22 16:17:34,662 - 23rdNov24_CoverFox -INFO - Clicking on Mother Icon
2025-04-22 16:17:35,939 - 23rdNov24_CoverFox -INFO - Clicking on Next Button
2025-04-22 16:17:36,376 - 23rdNov24_CoverFox -INFO - Selecting My age
2025-04-22 16:17:38,592 - 23rdNov24_CoverFox -INFO - Selecting Wife age
2025-04-22 16:17:39,033 - 23rdNov24_CoverFox -INFO - Selecting Mother's age
2025-04-22 16:17:39,544 - 23rdNov24_CoverFox -INFO - Clicking on Next Button
2025-04-22 16:17:39,763 - 23rdNov24_CoverFox -INFO - Entering My Pincode
2025-04-22 16:17:40,369 - 23rdNov24_CoverFox -INFO - Entering Mother's Pincode
2025-04-22 16:17:40,639 - 23rdNov24_CoverFox -INFO - Entering Mobile Number
2025-04-22 16:17:40,968 - 23rdNov24_CoverFox -INFO - Click on continue Button
2025-04-22 16:17:49,876 - 23rdNov24_CoverFox -INFO - Validating Result
2025-04-22 16:17:49,930 - 23rdNov24_CoverFox -INFO - Closing Browser
